[17954] 22 Aug 11:30:56.392 # Warning: no config file specified, using the default config. In order to specify a config file use redis-server /path/to/redis.conf
[17954] 22 Aug 11:30:56.394 * Increased maximum number of open files to 10032 (it was originally set to 2560).
                _._                                                  
           _.-``__ ''-._                                             
      _.-``    `.  `_.  ''-._           Redis 2.8.13 (00000000/0) 64 bit
  .-`` .-```.  ```\/    _.,_ ''-._                                   
 (    '      ,       .-`  | `,    )     Running in stand alone mode
 |`-._`-...-` __...-.``-._|'` _.-'|     Port: 6379
 |    `-._   `._    /     _.-'    |     PID: 17954
  `-._    `-._  `-./  _.-'    _.-'                                   
 |`-._`-._    `-.__.-'    _.-'_.-'|                                  
 |    `-._`-._        _.-'_.-'    |           http://redis.io        
  `-._    `-._`-.__.-'_.-'    _.-'                                   
 |`-._`-._    `-.__.-'    _.-'_.-'|                                  
 |    `-._`-._        _.-'_.-'    |                                  
  `-._    `-._`-.__.-'_.-'    _.-'                                   
      `-._    `-.__.-'    _.-'                                       
          `-._        _.-'                                           
              `-.__.-'                                               

[17954] 22 Aug 11:30:56.446 # Server started, Redis version 2.8.13
[17954] 22 Aug 11:30:56.446 * The server is now ready to accept connections on port 6379
[17954] 22 Aug 12:30:57.089 * 1 changes in 3600 seconds. Saving...
[17954] 22 Aug 12:30:57.091 * Background saving started by pid 18556
[18556] 22 Aug 12:30:57.093 * DB saved on disk
[17954] 22 Aug 12:30:57.192 * Background saving terminated with success
